<?xml version="1.0" encoding="UTF-8" ?>
<testsuite tests="0" failures="0" name="artifactory.test.AppTest" time="0" errors="0" skipped="0">
  <properties>
    <property name="JOB_NAME" value="maven-example"/>
    <property name="java.vendor" value="Ubuntu"/>
    <property name="PWD" value="/var/lib/jenkins"/>
    <property name="sun.java.launcher" value="SUN_STANDARD"/>
    <property name="RUN_TESTS_DISPLAY_URL" value="http://localhost:8080/job/maven-example/16/display/redirect?page=tests"/>
    <property name="sun.management.compiler" value="HotSpot 64-Bit Tiered Compilers"/>
    <property name="JENKINS_HOME" value="/var/lib/jenkins"/>
    <property name="PATH" value="/usr/local/sbin:/usr/local/bin:/usr/sbin:/usr/bin:/sbin:/bin:/usr/games:/usr/local/games:/snap/bin"/>
    <property name="HUDSON_SERVER_COOKIE" value="9f5757b0d31d7129"/>
    <property name="XDG_SESSION_TYPE" value="unspecified"/>
    <property name="POM_ARTIFACTID" value="multi"/>
    <property name="os.name" value="Linux"/>
    <property name="EXECUTOR_NUMBER" value="1"/>
    <property name="XDG_DATA_DIRS" value="/usr/local/share:/usr/share:/var/lib/snapd/desktop"/>
    <property name="java.vm.specification.vendor" value="Oracle Corporation"/>
    <property name="POM_DISPLAYNAME" value="Simple Multi Modules Build"/>
    <property name="XDG_RUNTIME_DIR" value="/run/user/127"/>
    <property name="NODE_LABELS" value="master"/>
    <property name="java.runtime.version" value="11.0.9.1+1-Ubuntu-0ubuntu1.20.04"/>
    <property name="user.name" value="jenkins"/>
    <property name="guice.disable.misplaced.annotation.check" value="true"/>
    <property name="extractor.used" value="true"/>
    <property name="user.language" value="en"/>
    <property name="JOB_BASE_NAME" value="maven-example"/>
    <property name="RUN_CHANGES_DISPLAY_URL" value="http://localhost:8080/job/maven-example/16/display/redirect?page=changes"/>
    <property name="BUILD_DISPLAY_NAME" value="#16"/>
    <property name="sun.boot.library.path" value="/usr/lib/jvm/java-11-openjdk-amd64/lib"/>
    <property name="java.vm.compressedOopsMode" value="Zero based"/>
    <property name="java.version" value="11.0.9.1"/>
    <property name="user.timezone" value="Asia/Jerusalem"/>
    <property name="XDG_SESSION_CLASS" value="background"/>
    <property name="sun.arch.data.model" value="64"/>
    <property name="NODE_NAME" value="master"/>
    <property name="buildInfoConfig.artifactoryResolutionEnabled" value="true"/>
    <property name="BUILD_ID" value="16"/>
    <property name="sun.cpu.isalist" value=""/>
    <property name="sun.jnu.encoding" value="UTF-8"/>
    <property name="SHELL" value="/bin/bash"/>
    <property name="maven.conf" value="/var/lib/jenkins/tools/~/user/.m2/conf"/>
    <property name="file.separator" value="/"/>
    <property name="java.specification.name" value="Java Platform API Specification"/>
    <property name="java.class.version" value="55.0"/>
    <property name="org.slf4j.simpleLogger.defaultLogLevel" value="info"/>
    <property name="user.country" value="IL"/>
    <property name="securerandom.source" value="file:/dev/./urandom"/>
    <property name="java.home" value="/usr/lib/jvm/java-11-openjdk-amd64"/>
    <property name="java.vm.info" value="mixed mode, sharing"/>
    <property name="os.version" value="5.4.0-56-generic"/>
    <property name="RUN_DISPLAY_URL" value="http://localhost:8080/job/maven-example/16/display/redirect"/>
    <property name="POM_VERSION" value="3.7-SNAPSHOT"/>
    <property name="sun.font.fontmanager" value="sun.awt.X11FontManager"/>
    <property name="path.separator" value=":"/>
    <property name="RUN_ARTIFACTS_DISPLAY_URL" value="http://localhost:8080/job/maven-example/16/display/redirect?page=artifacts"/>
    <property name="java.vm.version" value="11.0.9.1+1-Ubuntu-0ubuntu1.20.04"/>
    <property name="JOB_DISPLAY_URL" value="http://localhost:8080/job/maven-example/display/redirect"/>
    <property name="SHLVL" value="0"/>
    <property name="_" value="/usr/bin/daemon"/>
    <property name="java.awt.printerjob" value="sun.print.PSPrinterJob"/>
    <property name="sun.io.unicode.encoding" value="UnicodeLittle"/>
    <property name="awt.toolkit" value="sun.awt.X11.XToolkit"/>
    <property name="LOGNAME" value="jenkins"/>
    <property name="POM_PACKAGING" value="pom"/>
    <property name="HOME" value="/var/lib/jenkins"/>
    <property name="POM_GROUPID" value="org.jfrog.test"/>
    <property name="user.home" value="/var/lib/jenkins"/>
    <property name="BUILD_TAG" value="jenkins-maven-example-16"/>
    <property name="JENKINS_SERVER_COOKIE" value="9f5757b0d31d7129"/>
    <property name="HUDSON_URL" value="http://localhost:8080/"/>
    <property name="java.version.date" value="2020-11-04"/>
    <property name="DBUS_SESSION_BUS_ADDRESS" value="unix:path=/run/user/127/bus"/>
    <property name="java.specification.vendor" value="Oracle Corporation"/>
    <property name="XDG_SESSION_ID" value="c3"/>
    <property name="CLASSPATH" value=""/>
    <property name="java.library.path" value="/usr/java/packages/lib:/usr/lib/x86_64-linux-gnu/jni:/lib/x86_64-linux-gnu:/usr/lib/x86_64-linux-gnu:/usr/lib/jni:/lib:/usr/lib"/>
    <property name="java.vendor.url" value="https://ubuntu.com/"/>
    <property name="java.vm.vendor" value="Ubuntu"/>
    <property name="java.runtime.name" value="OpenJDK Runtime Environment"/>
    <property name="maven.home" value="/var/lib/jenkins/tools/~/user/.m2"/>
    <property name="sun.java.command" value="jenkins.maven3.agent.Maven35Main /var/lib/jenkins/tools/~/user/.m2 /var/cache/jenkins/war/WEB-INF/lib/remoting-4.5.jar /var/lib/jenkins/plugins/maven-plugin/WEB-INF/lib/maven35-interceptor-1.13.jar /var/lib/jenkins/plugins/maven-plugin/WEB-INF/lib/maven3-interceptor-commons-1.13.jar 38279"/>
    <property name="java.class.path" value="/var/lib/jenkins/plugins/maven-plugin/WEB-INF/lib/maven35-agent-1.13.jar:/var/lib/jenkins/tools/~/user/.m2/boot/plexus-classworlds-2.6.0.jar:/var/lib/jenkins/tools/~/user/.m2/conf/logging"/>
    <property name="jdk.debug" value="release"/>
    <property name="java.vm.specification.name" value="Java Virtual Machine Specification"/>
    <property name="java.vm.specification.version" value="11"/>
    <property name="M2_HOME" value="/var/lib/jenkins/tools/~/user/.m2"/>
    <property name="sun.cpu.endian" value="little"/>
    <property name="MAIL" value="/var/mail/jenkins"/>
    <property name="sun.os.patch.level" value="unknown"/>
    <property name="java.io.tmpdir" value="/tmp"/>
    <property name="HUDSON_HOME" value="/var/lib/jenkins"/>
    <property name="PATH+MAVEN" value="/var/lib/jenkins/tools/~/user/.m2/bin"/>
    <property name="java.vendor.url.bug" value="https://bugs.launchpad.net/ubuntu/+source/openjdk-lts"/>
    <property name="BUILD_URL" value="http://localhost:8080/job/maven-example/16/"/>
    <property name="buildInfoConfig.propertiesFile" value="/var/lib/jenkins/workspace/maven-example@tmp/artifactory/buildInfo1592135747180757203.properties"/>
    <property name="os.arch" value="amd64"/>
    <property name="java.awt.graphicsenv" value="sun.awt.X11GraphicsEnvironment"/>
    <property name="user.dir" value="/home/user/Downloads/project-examples-master/maven-example"/>
    <property name="JOB_URL" value="http://localhost:8080/job/maven-example/"/>
    <property name="MAVEN_HOME" value="/var/lib/jenkins/tools/~/user/.m2"/>
    <property name="line.separator" value="
"/>
    <property name="java.vm.name" value="OpenJDK 64-Bit Server VM"/>
    <property name="BUILD_NUMBER" value="16"/>
    <property name="JENKINS_URL" value="http://localhost:8080/"/>
    <property name="LANG" value="en_IL"/>
    <property name="file.encoding" value="UTF-8"/>
    <property name="maven3.interceptor" value="/var/lib/jenkins/plugins/maven-plugin/WEB-INF/lib/maven35-interceptor-1.13.jar"/>
    <property name="WORKSPACE_TMP" value="/var/lib/jenkins/workspace/maven-example@tmp"/>
    <property name="WORKSPACE" value="/var/lib/jenkins/workspace/maven-example"/>
    <property name="maven3.interceptor.common" value="/var/lib/jenkins/plugins/maven-plugin/WEB-INF/lib/maven3-interceptor-commons-1.13.jar"/>
    <property name="java.specification.version" value="11"/>
    <property name="LANGUAGE" value="en_IL:en"/>
    <property name="USER" value="jenkins"/>
  </properties>
</testsuite>